
7/16/2019 7:22:57 PM
http://rma.parabit.com:1340/api/v1/User/ValidateLogin/

7/16/2019 7:23:01 PM
http://rma.parabit.com:1340/api/v1/User/GetUserProfile/534/

7/16/2019 7:23:02 PM
http://rma.parabit.com:1340/api/v1/ReturnAddress/GetReturnAddress/534/

7/16/2019 7:23:03 PM
http://rma.parabit.com:1340/api/v1/User/GetUserProfile/534/

7/16/2019 7:23:03 PM
http://rma.parabit.com:1340/api/v1/ReturnAddress/GetReturnAddress/534/

7/16/2019 7:23:03 PM
http://rma.parabit.com:1340/api/v1/DispatchReason/

7/16/2019 7:23:03 PM
http://rma.parabit.com:1340/api/v1/CreditReason/

7/16/2019 7:23:03 PM
http://rma.parabit.com:1340/api/v1/Company/CompanyName/43/

7/16/2019 7:23:04 PM
http://rma.parabit.com:1340/api/v1/Faults/

7/16/2019 7:23:04 PM
http://rma.parabit.com:1340/api/v1/Parts/

7/16/2019 7:23:41 PM
http://rma.parabit.com:1340/api/v1/Country/

7/16/2019 7:23:41 PM
http://rma.parabit.com:1340/api/v1/States/

7/16/2019 7:23:41 PM
http://rma.parabit.com:1340/api/v1/Firm/FirmName/

7/16/2019 7:23:42 PM
http://rma.parabit.com:1340/api/v1/States/88/

7/16/2019 7:23:46 PM
http://rma.parabit.com:1340/api/v1/States/88/

7/16/2019 7:23:50 PM
http://rma.parabit.com:1340/api/v1/User/UpdateProfile/

7/16/2019 7:24:53 PM
http://rma.parabit.com:1340/api/v1/ReturnAddress/UpdateReturnAddress/

7/16/2019 7:24:53 PM
http://rma.parabit.com:1340/api/v1/User/GetUserProfile/534/

7/16/2019 7:24:53 PM
http://rma.parabit.com:1340/api/v1/ReturnAddress/GetReturnAddress/534/

7/16/2019 7:24:54 PM
http://rma.parabit.com:1340/api/v1/DispatchReason/

7/16/2019 7:24:54 PM
http://rma.parabit.com:1340/api/v1/CreditReason/

7/16/2019 7:24:54 PM
http://rma.parabit.com:1340/api/v1/Company/CompanyName/43/

7/16/2019 7:24:54 PM
http://rma.parabit.com:1340/api/v1/Faults/

7/16/2019 7:24:54 PM
http://rma.parabit.com:1340/api/v1/Parts/

7/16/2019 7:24:54 PM
http://rma.parabit.com:1340/api/v1/Firm/FirmName/

7/16/2019 7:24:54 PM
http://rma.parabit.com:1340/api/v1/States/88/

7/16/2019 7:32:24 PM
http://rma.parabit.com:1340/api/v1/States/88/

7/16/2019 7:32:26 PM
http://rma.parabit.com:1340/api/v1/User/UpdateProfile/

7/16/2019 7:36:04 PM
http://rma.parabit.com:1340/api/v1/User/ValidateLogin/

7/16/2019 10:04:11 PM
http://rma.parabit.com:1340/api/v1/User/ValidateLogin/

7/16/2019 10:04:35 PM
http://rma.parabit.com:1340/api/v1/User/ValidateLogin/

7/16/2019 10:04:35 PM
http://rma.parabit.com:1340/api/v1/User/GetUserProfile/534/

7/16/2019 10:04:35 PM
http://rma.parabit.com:1340/api/v1/ReturnAddress/GetReturnAddress/534/

7/16/2019 10:04:36 PM
http://rma.parabit.com:1340/api/v1/User/GetUserProfile/534/

7/16/2019 10:04:36 PM
http://rma.parabit.com:1340/api/v1/ReturnAddress/GetReturnAddress/534/

7/16/2019 10:04:36 PM
http://rma.parabit.com:1340/api/v1/DispatchReason/

7/16/2019 10:04:37 PM
http://rma.parabit.com:1340/api/v1/CreditReason/

7/16/2019 10:04:37 PM
http://rma.parabit.com:1340/api/v1/Company/CompanyName/43/

7/16/2019 10:04:38 PM
http://rma.parabit.com:1340/api/v1/Faults/

7/16/2019 10:04:38 PM
http://rma.parabit.com:1340/api/v1/Parts/

7/16/2019 10:04:41 PM
http://rma.parabit.com:1340/api/v1/Firm/FirmName/

7/16/2019 10:04:41 PM
http://rma.parabit.com:1340/api/v1/States/88/

7/16/2019 10:05:34 PM
http://rma.parabit.com:1340/api/v1/User/ValidateLogin/
