
6/29/2019 11:38:36 AM
http://rma.parabit.com:1340/api/v1/User/ValidateLogin/

6/29/2019 11:38:54 AM
http://rma.parabit.com:1340/api/v1/Case/CaseDetails/

6/29/2019 11:38:56 AM
http://rma.parabit.com:1340/api/v1/Case/AprrovedCaseId/

6/29/2019 11:39:01 AM
http://rma.parabit.com:1340/api/v1/User/GetUserProfile/591/

6/29/2019 11:39:14 AM
http://rma.parabit.com:1340/api/v1/Case/AprrovedCaseId/

6/29/2019 11:39:15 AM
http://rma.parabit.com:1340/api/v1/Case/CaseDetails/

6/29/2019 11:40:13 AM
http://rma.parabit.com:1340/api/v1/Case/CaseDetails/

6/29/2019 11:40:13 AM
http://rma.parabit.com:1340/api/v1/Case/AprrovedCaseId/

6/29/2019 11:40:14 AM
http://rma.parabit.com:1340/api/v1/User/GetUserProfile/591/

6/29/2019 11:40:23 AM
http://rma.parabit.com:1340/api/v1/Case/AprrovedCaseId/

6/29/2019 11:40:25 AM
http://rma.parabit.com:1340/api/v1/Case/CaseDetails/

6/29/2019 11:40:42 AM
http://rma.parabit.com:1340/api/v1/Case/CaseDetails/

6/29/2019 11:40:42 AM
http://rma.parabit.com:1340/api/v1/Case/AprrovedCaseId/

6/29/2019 11:40:42 AM
http://rma.parabit.com:1340/api/v1/User/GetUserProfile/591/

6/29/2019 12:21:05 PM
http://rma.parabit.com:1340/api/v1/Case/AprrovedCaseId/

6/29/2019 12:21:06 PM
http://rma.parabit.com:1340/api/v1/Case/CaseDetails/

6/29/2019 12:21:08 PM
http://rma.parabit.com:1340/api/v1/Case/AprrovedCaseId/

6/29/2019 12:21:10 PM
http://rma.parabit.com:1340/api/v1/Case/CaseDetails/

6/29/2019 12:21:12 PM
http://rma.parabit.com:1340/api/v1/Case/AprrovedCaseId/

6/29/2019 12:21:13 PM
http://rma.parabit.com:1340/api/v1/Case/CaseDetails/

6/29/2019 12:27:13 PM
http://rma.parabit.com:1340/api/v1/Case/CaseDetails/

6/29/2019 12:27:13 PM
http://rma.parabit.com:1340/api/v1/Case/AprrovedCaseId/

6/29/2019 12:27:14 PM
http://rma.parabit.com:1340/api/v1/User/GetUserProfile/591/

6/29/2019 12:28:00 PM
http://rma.parabit.com:1340/api/v1/Case/CaseDetails/

6/29/2019 12:28:01 PM
http://rma.parabit.com:1340/api/v1/Case/AprrovedCaseId/

6/29/2019 12:28:01 PM
http://rma.parabit.com:1340/api/v1/User/GetUserProfile/591/

6/29/2019 12:46:43 PM
http://rma.parabit.com:1340/api/v1/Case/CaseDetails/

6/29/2019 12:46:43 PM
http://rma.parabit.com:1340/api/v1/Case/AprrovedCaseId/

6/29/2019 12:46:44 PM
http://rma.parabit.com:1340/api/v1/User/GetUserProfile/591/

6/29/2019 12:46:52 PM
http://rma.parabit.com:1340/api/v1/Case/AprrovedCaseId/

6/29/2019 12:46:54 PM
http://rma.parabit.com:1340/api/v1/Case/CaseDetails/
